[debug] [2019-02-12T12:41:54.860Z] ----------------------------------------------------------------------
[debug] [2019-02-12T12:41:54.862Z] Command:       /usr/local/bin/node /usr/local/bin/firebase deploy
[debug] [2019-02-12T12:41:54.862Z] CLI Version:   6.3.0
[debug] [2019-02-12T12:41:54.862Z] Platform:      darwin
[debug] [2019-02-12T12:41:54.862Z] Node Version:  v10.15.0
[debug] [2019-02-12T12:41:54.863Z] Time:          Tue Feb 12 2019 18:11:54 GMT+0530 (India Standard Time)
[debug] [2019-02-12T12:41:54.863Z] ----------------------------------------------------------------------
[debug] 
[debug] [2019-02-12T12:41:54.872Z] > command requires scopes: ["email","openid","https://www.googleapis.com/auth/cloudplatformprojects.readonly","https://www.googleapis.com/auth/firebase","https://www.googleapis.com/auth/cloud-platform"]
[debug] [2019-02-12T12:41:54.872Z] > authorizing via signed-in user
[debug] [2019-02-12T12:41:54.872Z] [iam] checking project pregrid-social for permissions ["firebase.projects.get","firebasehosting.sites.update"]
[debug] [2019-02-12T12:41:54.873Z] > refreshing access token with scopes: ["email","https://www.googleapis.com/auth/cloud-platform","https://www.googleapis.com/auth/cloudplatformprojects.readonly","https://www.googleapis.com/auth/firebase","openid"]
[debug] [2019-02-12T12:41:54.874Z] >>> HTTP REQUEST POST https://www.googleapis.com/oauth2/v3/token  
 <request body omitted>
[debug] [2019-02-12T12:41:55.184Z] <<< HTTP RESPONSE 200
[debug] [2019-02-12T12:41:55.193Z] >>> HTTP REQUEST POST https://cloudresourcemanager.googleapis.com/v1/projects/pregrid-social:testIamPermissions  

[debug] [2019-02-12T12:41:56.812Z] <<< HTTP RESPONSE 200
[debug] [2019-02-12T12:41:56.813Z] >>> HTTP REQUEST GET https://firebase.googleapis.com/v1beta1/projects/pregrid-social  
 
[debug] [2019-02-12T12:41:57.403Z] <<< HTTP RESPONSE 200
[info] 
[info] === Deploying to 'pregrid-social'...
[info] 
[info] i  deploying hosting
[debug] [2019-02-12T12:41:57.406Z] >>> HTTP REQUEST POST https://firebasehosting.googleapis.com/v1beta1/sites/pregrid-social/versions  

